[debug] [2024-02-26T19:08:00.904Z] ----------------------------------------------------------------------
[debug] [2024-02-26T19:08:00.915Z] Command:       C:\Program Files\nodejs\node.exe C:\Users\as152\AppData\Roaming\npm\node_modules\firebase-tools\lib\bin\firebase.js init
[debug] [2024-02-26T19:08:00.916Z] CLI Version:   13.3.1
[debug] [2024-02-26T19:08:00.917Z] Platform:      win32
[debug] [2024-02-26T19:08:00.918Z] Node Version:  v21.6.0
[debug] [2024-02-26T19:08:00.919Z] Time:          Tue Feb 27 2024 00:08:00 GMT+0500 (Pakistan Standard Time)
[debug] [2024-02-26T19:08:00.920Z] ----------------------------------------------------------------------
[debug] 
[debug] [2024-02-26T19:08:00.951Z] > command requires scopes: ["email","openid","https://www.googleapis.com/auth/cloudplatformprojects.readonly","https://www.googleapis.com/auth/firebase","https://www.googleapis.com/auth/cloud-platform"]
[debug] [2024-02-26T19:08:00.953Z] > authorizing via signed-in user (as1526317@gmail.com)
[info] 
     ######## #### ########  ######## ########     ###     ######  ########
     ##        ##  ##     ## ##       ##     ##  ##   ##  ##       ##
     ######    ##  ########  ######   ########  #########  ######  ######
     ##        ##  ##    ##  ##       ##     ## ##     ##       ## ##
     ##       #### ##     ## ######## ########  ##     ##  ######  ########

You're about to initialize a Firebase project in this directory:

  C:\Monaco\testt

Before we get started, keep in mind:

  * You are currently outside your home directory

[debug] [2024-02-26T19:08:53.304Z] ----------------------------------------------------------------------
[debug] [2024-02-26T19:08:53.311Z] Command:       C:\Program Files\nodejs\node.exe C:\Users\as152\AppData\Roaming\npm\node_modules\firebase-tools\lib\bin\firebase.js init hosting
[debug] [2024-02-26T19:08:53.313Z] CLI Version:   13.3.1
[debug] [2024-02-26T19:08:53.313Z] Platform:      win32
[debug] [2024-02-26T19:08:53.314Z] Node Version:  v21.6.0
[debug] [2024-02-26T19:08:53.314Z] Time:          Tue Feb 27 2024 00:08:53 GMT+0500 (Pakistan Standard Time)
[debug] [2024-02-26T19:08:53.315Z] ----------------------------------------------------------------------
[debug] 
[debug] [2024-02-26T19:08:53.340Z] > command requires scopes: ["email","openid","https://www.googleapis.com/auth/cloudplatformprojects.readonly","https://www.googleapis.com/auth/firebase","https://www.googleapis.com/auth/cloud-platform"]
[debug] [2024-02-26T19:08:53.342Z] > authorizing via signed-in user (as1526317@gmail.com)
[info] 
     ######## #### ########  ######## ########     ###     ######  ########
     ##        ##  ##     ## ##       ##     ##  ##   ##  ##       ##
     ######    ##  ########  ######   ########  #########  ######  ######
     ##        ##  ##    ##  ##       ##     ## ##     ##       ## ##
     ##       #### ##     ## ######## ########  ##     ##  ######  ########

You're about to initialize a Firebase project in this directory:

  C:\Monaco\testt

Before we get started, keep in mind:

  * You are currently outside your home directory

[info] 
=== Project Setup
[info] 
[info] First, let's associate this project directory with a Firebase project.
[info] You can create multiple project aliases by running firebase use --add, 
[info] but for now we'll just set up a default project.
[info] 
[debug] [2024-02-26T19:08:58.479Z] >>> [apiv2][query] GET https://firebase.googleapis.com/v1beta1/projects pageSize=100
[debug] [2024-02-26T19:08:59.372Z] <<< [apiv2][status] GET https://firebase.googleapis.com/v1beta1/projects 200
[debug] [2024-02-26T19:08:59.373Z] <<< [apiv2][body] GET https://firebase.googleapis.com/v1beta1/projects [omitted]
[info] i  Using project test-a2d4b (test) 
[info] 
=== Hosting Setup
[debug] [2024-02-26T19:09:02.055Z] >>> [apiv2][query] GET https://firebase.googleapis.com/v1beta1/projects/test-a2d4b [none]
[debug] [2024-02-26T19:09:02.351Z] <<< [apiv2][status] GET https://firebase.googleapis.com/v1beta1/projects/test-a2d4b 200
[debug] [2024-02-26T19:09:02.351Z] <<< [apiv2][body] GET https://firebase.googleapis.com/v1beta1/projects/test-a2d4b {"projectId":"test-a2d4b","projectNumber":"823996255627","displayName":"test","name":"projects/test-a2d4b","resources":{"hostingSite":"test-a2d4b"},"state":"ACTIVE","etag":"1_1f6df55b-da9a-4adf-880c-c6c496ab0b03"}
[info] 
[info] Your public directory is the folder (relative to your project directory) that
[info] will contain Hosting assets to be uploaded with firebase deploy. If you
[info] have a build process for your assets, use your build's output directory.
[info] 
[debug] [2024-02-26T19:09:07.251Z] >>> [apiv2][query] GET https://www.gstatic.com/firebasejs/releases.json [none]
[debug] [2024-02-26T19:09:07.495Z] <<< [apiv2][status] GET https://www.gstatic.com/firebasejs/releases.json 200
[debug] [2024-02-26T19:09:07.495Z] <<< [apiv2][body] GET https://www.gstatic.com/firebasejs/releases.json {"current":{"version":"10.8.0","browserURL":"https://www.gstatic.com/firebasejs/10.8.0/firebase.js","packageURL":"https://www.gstatic.com/firebasejs/10.8.0/firebase.tgz"},"live":{"version":"10.8","browserURL":"https://www.gstatic.com/firebasejs/live/10.8/firebase.js","packageURL":"https://www.gstatic.com/firebasejs/live/10.8/firebase.tgz"},"components":{"analytics":"https://www.gstatic.com/firebasejs/10.8.0/firebase-analytics.js","app":"https://www.gstatic.com/firebasejs/10.8.0/firebase-app.js","app-check":"https://www.gstatic.com/firebasejs/10.8.0/firebase-app-check.js","auth":"https://www.gstatic.com/firebasejs/10.8.0/firebase-auth.js","auth/cordova":"https://www.gstatic.com/firebasejs/10.8.0/firebase-auth/cordova.js","auth/web-extension":"https://www.gstatic.com/firebasejs/10.8.0/firebase-auth/web-extension.js","functions":"https://www.gstatic.com/firebasejs/10.8.0/firebase-functions.js","firestore":"https://www.gstatic.com/firebasejs/10.8.0/firebase-firestore.js","firestore/lite":"https://www.gstatic.com/firebasejs/10.8.0/firebase-firestore/lite.js","installations":"https://www.gstatic.com/firebasejs/10.8.0/firebase-installations.js","storage":"https://www.gstatic.com/firebasejs/10.8.0/firebase-storage.js","performance":"https://www.gstatic.com/firebasejs/10.8.0/firebase-performance.js","remote-config":"https://www.gstatic.com/firebasejs/10.8.0/firebase-remote-config.js","messaging":"https://www.gstatic.com/firebasejs/10.8.0/firebase-messaging.js","messaging/sw":"https://www.gstatic.com/firebasejs/10.8.0/firebase-messaging/sw.js","database":"https://www.gstatic.com/firebasejs/10.8.0/firebase-database.js","firestore.memory":"https://www.gstatic.com/firebasejs/10.8.0/firebase-firestore.memory.js"}}
[info] +  Wrote public/index.html 
[info] 
[info] i  Didn't detect a .git folder. Assuming C:\Monaco\testt is the project root. 
[info] i  Authorizing with GitHub to upload your service account to a GitHub repository's secrets store. 
[info] 
[info] Visit this URL on this device to log in:
[info] https://github.com/login/oauth/authorize?client_id=89cf50f02ac6aaed3484&state=27804156&redirect_uri=http%3A%2F%2Flocalhost%3A9005&scope=read%3Auser%20repo%20public_repo
[info] 
[info] Waiting for authentication...
[debug] [2024-02-26T19:09:09.368Z] >>> [apiv2][query] POST https://github.com/login/oauth/access_token [none]
[debug] [2024-02-26T19:09:09.369Z] >>> [apiv2][body] POST https://github.com/login/oauth/access_token [stream]
[debug] [2024-02-26T19:09:10.055Z] <<< [apiv2][status] POST https://github.com/login/oauth/access_token 200
[debug] [2024-02-26T19:09:10.056Z] <<< [apiv2][body] POST https://github.com/login/oauth/access_token {"access_token":"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","token_type":"bearer","scope":"read:user,repo"}
[debug] [2024-02-26T19:09:10.088Z] >>> [apiv2][query] GET https://api.github.com/user [none]
[debug] [2024-02-26T19:09:10.842Z] <<< [apiv2][status] GET https://api.github.com/user 200
[debug] [2024-02-26T19:09:10.843Z] <<< [apiv2][body] GET https://api.github.com/user {"login":"Ayshh1","id":123255323,"node_id":"U_kgDOB1i6Gw","avatar_url":"https://avatars.githubusercontent.com/u/123255323?v=4","gravatar_id":"","url":"https://api.github.com/users/Ayshh1","html_url":"https://github.com/Ayshh1","followers_url":"https://api.github.com/users/Ayshh1/followers","following_url":"https://api.github.com/users/Ayshh1/following{/other_user}","gists_url":"https://api.github.com/users/Ayshh1/gists{/gist_id}","starred_url":"https://api.github.com/users/Ayshh1/starred{/owner}{/repo}","subscriptions_url":"https://api.github.com/users/Ayshh1/subscriptions","organizations_url":"https://api.github.com/users/Ayshh1/orgs","repos_url":"https://api.github.com/users/Ayshh1/repos","events_url":"https://api.github.com/users/Ayshh1/events{/privacy}","received_events_url":"https://api.github.com/users/Ayshh1/received_events","type":"User","site_admin":false,"name":"Ayesha Shahzad","company":null,"blog":"","location":null,"email":null,"hireable":null,"bio":"MERN Stack Developer and a Creative UI/UX Designer, dedicated to crafting seamless web experiences through code and design. Let's turn ideas into reality !","twitter_username":null,"public_repos":31,"public_gists":0,"followers":0,"following":0,"created_at":"2023-01-21T15:20:33Z","updated_at":"2024-02-10T13:56:52Z","private_gists":0,"total_private_repos":13,"owned_private_repos":13,"disk_usage":192244,"collaborators":0,"two_factor_authentication":false,"plan":{"name":"pro","space":976562499,"collaborators":0,"private_repos":9999}}
[info] 
[info] +  Success! Logged into GitHub as Ayshh1 
[info] 
